<?xml version="1.0" encoding="UTF-8"?>
<!-- Generated by org.testng.reporters.JUnitReportReporter -->
<testsuite hostname="ADMIN" failures="0" tests="2" name="TestNgClasses.Initialcases" time="16.997" errors="0" timestamp="2023-03-19T00:01:27 IST" skipped="0">
  <testcase classname="TestNgClasses.Initialcases" name="ValueCheck2" time="9.985"/>
  <system-out/>
  <testcase classname="TestNgClasses.Initialcases" name="ValueCheck1" time="7.012"/>
  <system-out/>
</testsuite> <!-- TestNgClasses.Initialcases -->
